<?xml version="1.0" encoding="UTF-8"?>
<robot generator="Robot 6.1.1 (Python 3.10.12 on linux)" generated="20241114 20:11:14.965" rpa="false" schemaversion="4">
<suite id="s1" name="Tests" source="/home/jasper/Desktop/Opiskelut/OhTu/ohtu-palautusrepo/viikko3/src/tests">
<suite id="s1-s1" name="Increase Counter" source="/home/jasper/Desktop/Opiskelut/OhTu/ohtu-palautusrepo/viikko3/src/tests/increase_counter.robot">
<test id="s1-s1-t1" name="Increase Counter Once" line="5">
<kw name="Counter Value Should Be" library="CounterLibrary">
<arg>0</arg>
<status status="PASS" starttime="20241114 20:11:14.981" endtime="20241114 20:11:14.981"/>
</kw>
<kw name="Increase Counter" library="CounterLibrary">
<status status="PASS" starttime="20241114 20:11:14.981" endtime="20241114 20:11:14.981"/>
</kw>
<kw name="Counter Value Should Be" library="CounterLibrary">
<arg>1</arg>
<status status="PASS" starttime="20241114 20:11:14.981" endtime="20241114 20:11:14.981"/>
</kw>
<status status="PASS" starttime="20241114 20:11:14.980" endtime="20241114 20:11:14.981"/>
</test>
<test id="s1-s1-t2" name="Increase Counter Many Times" line="10">
<kw name="Counter Value Should Be" library="CounterLibrary">
<arg>0</arg>
<status status="PASS" starttime="20241114 20:11:14.982" endtime="20241114 20:11:14.982"/>
</kw>
<kw name="Increase Counter" library="CounterLibrary">
<status status="PASS" starttime="20241114 20:11:14.982" endtime="20241114 20:11:14.982"/>
</kw>
<kw name="Increase Counter" library="CounterLibrary">
<status status="PASS" starttime="20241114 20:11:14.982" endtime="20241114 20:11:14.982"/>
</kw>
<kw name="Increase Counter" library="CounterLibrary">
<status status="PASS" starttime="20241114 20:11:14.982" endtime="20241114 20:11:14.982"/>
</kw>
<kw name="Counter Value Should Be" library="CounterLibrary">
<arg>3</arg>
<status status="PASS" starttime="20241114 20:11:14.982" endtime="20241114 20:11:14.983"/>
</kw>
<status status="PASS" starttime="20241114 20:11:14.982" endtime="20241114 20:11:14.983"/>
</test>
<test id="s1-s1-t3" name="Increment Counter By Amount" line="17">
<kw name="Counter Value Should Be" library="CounterLibrary">
<arg>0</arg>
<status status="PASS" starttime="20241114 20:11:14.983" endtime="20241114 20:11:14.983"/>
</kw>
<kw name="Increment Counter By" library="CounterLibrary">
<arg>5</arg>
<status status="PASS" starttime="20241114 20:11:14.983" endtime="20241114 20:11:14.983"/>
</kw>
<kw name="Counter Value Should Be" library="CounterLibrary">
<arg>5</arg>
<status status="PASS" starttime="20241114 20:11:14.983" endtime="20241114 20:11:14.983"/>
</kw>
<status status="PASS" starttime="20241114 20:11:14.983" endtime="20241114 20:11:14.984"/>
</test>
<test id="s1-s1-t4" name="Increase Counter Three Times" line="22">
<kw name="Increase Counter" library="CounterLibrary">
<status status="PASS" starttime="20241114 20:11:14.984" endtime="20241114 20:11:14.984"/>
</kw>
<kw name="Increase Counter" library="CounterLibrary">
<status status="PASS" starttime="20241114 20:11:14.984" endtime="20241114 20:11:14.984"/>
</kw>
<kw name="Increase Counter" library="CounterLibrary">
<status status="PASS" starttime="20241114 20:11:14.984" endtime="20241114 20:11:14.984"/>
</kw>
<status status="PASS" starttime="20241114 20:11:14.984" endtime="20241114 20:11:14.984"/>
</test>
<status status="PASS" starttime="20241114 20:11:14.978" endtime="20241114 20:11:14.985"/>
</suite>
<suite id="s1-s2" name="Reset Counter" source="/home/jasper/Desktop/Opiskelut/OhTu/ohtu-palautusrepo/viikko3/src/tests/reset_counter.robot">
<test id="s1-s2-t1" name="Reset Counter After One Increment" line="5">
<kw name="Counter Value Should Be" library="CounterLibrary">
<arg>0</arg>
<status status="PASS" starttime="20241114 20:11:14.987" endtime="20241114 20:11:14.987"/>
</kw>
<kw name="Increase Counter" library="CounterLibrary">
<status status="PASS" starttime="20241114 20:11:14.987" endtime="20241114 20:11:14.987"/>
</kw>
<kw name="Counter Value Should Be" library="CounterLibrary">
<arg>1</arg>
<status status="PASS" starttime="20241114 20:11:14.987" endtime="20241114 20:11:14.987"/>
</kw>
<kw name="Reset Counter" library="CounterLibrary">
<status status="PASS" starttime="20241114 20:11:14.987" endtime="20241114 20:11:14.987"/>
</kw>
<kw name="Counter Value Should Be" library="CounterLibrary">
<arg>0</arg>
<status status="PASS" starttime="20241114 20:11:14.987" endtime="20241114 20:11:14.987"/>
</kw>
<status status="PASS" starttime="20241114 20:11:14.987" endtime="20241114 20:11:14.988"/>
</test>
<test id="s1-s2-t2" name="Reset Counter After Several Increments" line="12">
<kw name="Counter Value Should Be" library="CounterLibrary">
<arg>0</arg>
<status status="PASS" starttime="20241114 20:11:14.988" endtime="20241114 20:11:14.988"/>
</kw>
<kw name="Increment Counter By" library="CounterLibrary">
<arg>5</arg>
<status status="PASS" starttime="20241114 20:11:14.988" endtime="20241114 20:11:14.988"/>
</kw>
<kw name="Counter Value Should Be" library="CounterLibrary">
<arg>5</arg>
<status status="PASS" starttime="20241114 20:11:14.988" endtime="20241114 20:11:14.988"/>
</kw>
<kw name="Reset Counter" library="CounterLibrary">
<status status="PASS" starttime="20241114 20:11:14.988" endtime="20241114 20:11:14.989"/>
</kw>
<kw name="Counter Value Should Be" library="CounterLibrary">
<arg>0</arg>
<status status="PASS" starttime="20241114 20:11:14.989" endtime="20241114 20:11:14.989"/>
</kw>
<status status="PASS" starttime="20241114 20:11:14.988" endtime="20241114 20:11:14.989"/>
</test>
<status status="PASS" starttime="20241114 20:11:14.985" endtime="20241114 20:11:14.989"/>
</suite>
<status status="PASS" starttime="20241114 20:11:14.965" endtime="20241114 20:11:14.990"/>
</suite>
<statistics>
<total>
<stat pass="6" fail="0" skip="0">All Tests</stat>
</total>
<tag>
</tag>
<suite>
<stat pass="6" fail="0" skip="0" id="s1" name="Tests">Tests</stat>
<stat pass="4" fail="0" skip="0" id="s1-s1" name="Increase Counter">Tests.Increase Counter</stat>
<stat pass="2" fail="0" skip="0" id="s1-s2" name="Reset Counter">Tests.Reset Counter</stat>
</suite>
</statistics>
<errors>
</errors>
</robot>
