<?xml version="1.0" encoding="UTF-8"?>
<robot generator="Robot 6.1.1 (Python 3.10.12 on linux)" generated="20241117 11:55:28.964" rpa="false" schemaversion="4">
<suite id="s1" name="Tests" source="/home/jasper/Desktop/Opiskelut/OhTu/ohtu-palautusrepo/viikko3/web-login/src/tests">
<suite id="s1-s1" name="Home" source="/home/jasper/Desktop/Opiskelut/OhTu/ohtu-palautusrepo/viikko3/web-login/src/tests/home.robot">
<kw name="Open And Configure Browser" library="resource" type="SETUP">
<if>
<branch type="IF" condition="$BROWSER == 'chrome'">
<kw name="Evaluate" library="BuiltIn">
<var>${options}</var>
<arg>sys.modules['selenium.webdriver'].ChromeOptions()</arg>
<arg>sys</arg>
<doc>Evaluates the given expression in Python and returns the result.</doc>
<msg timestamp="20241117 11:55:29.136" level="INFO">${options} = &lt;selenium.webdriver.chrome.options.Options object at 0x7119c5dbb640&gt;</msg>
<status status="PASS" starttime="20241117 11:55:29.136" endtime="20241117 11:55:29.136"/>
</kw>
<status status="PASS" starttime="20241117 11:55:29.128" endtime="20241117 11:55:29.136"/>
</branch>
<branch type="ELSE IF" condition="$BROWSER == 'firefox'">
<kw name="Evaluate" library="BuiltIn">
<var>${options}</var>
<arg>sys.modules['selenium.webdriver'].FirefoxOptions()</arg>
<arg>sys</arg>
<doc>Evaluates the given expression in Python and returns the result.</doc>
<status status="NOT RUN" starttime="20241117 11:55:29.136" endtime="20241117 11:55:29.136"/>
</kw>
<status status="NOT RUN" starttime="20241117 11:55:29.136" endtime="20241117 11:55:29.136"/>
</branch>
<status status="PASS" starttime="20241117 11:55:29.127" endtime="20241117 11:55:29.136"/>
</if>
<if>
<branch type="IF" condition="$HEADLESS == 'true'">
<kw name="Set Selenium Speed" library="SeleniumLibrary">
<arg>0</arg>
<doc>Sets the delay that is waited after each Selenium command.</doc>
<status status="NOT RUN" starttime="20241117 11:55:29.137" endtime="20241117 11:55:29.137"/>
</kw>
<kw name="Call Method" library="BuiltIn">
<arg>${options}</arg>
<arg>add_argument</arg>
<arg>--headless</arg>
<doc>Calls the named method of the given object with the provided arguments.</doc>
<status status="NOT RUN" starttime="20241117 11:55:29.137" endtime="20241117 11:55:29.137"/>
</kw>
<status status="NOT RUN" starttime="20241117 11:55:29.136" endtime="20241117 11:55:29.137"/>
</branch>
<branch type="ELSE">
<kw name="Set Selenium Speed" library="SeleniumLibrary">
<arg>${DELAY}</arg>
<doc>Sets the delay that is waited after each Selenium command.</doc>
<status status="PASS" starttime="20241117 11:55:29.137" endtime="20241117 11:55:29.137"/>
</kw>
<status status="PASS" starttime="20241117 11:55:29.137" endtime="20241117 11:55:29.137"/>
</branch>
<status status="PASS" starttime="20241117 11:55:29.136" endtime="20241117 11:55:29.137"/>
</if>
<kw name="Open Browser" library="SeleniumLibrary">
<arg>browser=${BROWSER}</arg>
<arg>options=${options}</arg>
<doc>Opens a new browser instance to the optional ``url``.</doc>
<msg timestamp="20241117 11:55:29.137" level="INFO">Opening browser 'chrome' to base url 'None'.</msg>
<status status="PASS" starttime="20241117 11:55:29.137" endtime="20241117 11:55:29.550"/>
</kw>
<status status="PASS" starttime="20241117 11:55:29.127" endtime="20241117 11:55:29.550"/>
</kw>
<test id="s1-s1-t1" name="Click Login Link" line="8">
<kw name="Reset Application And Go To Starting Page" type="SETUP">
<kw name="Reset Application" library="AppLibrary">
<status status="PASS" starttime="20241117 11:55:29.551" endtime="20241117 11:55:29.553"/>
</kw>
<kw name="Go To Starting Page" library="AppLibrary">
<status status="PASS" starttime="20241117 11:55:29.553" endtime="20241117 11:55:29.559"/>
</kw>
<status status="PASS" starttime="20241117 11:55:29.550" endtime="20241117 11:55:29.559"/>
</kw>
<kw name="Click Link" library="SeleniumLibrary">
<arg>Login</arg>
<doc>Clicks a link identified by ``locator``.</doc>
<msg timestamp="20241117 11:55:29.560" level="INFO">Clicking link 'Login'.</msg>
<msg timestamp="20241117 11:55:31.225" level="INFO" html="true">&lt;/td&gt;&lt;/tr&gt;&lt;tr&gt;&lt;td colspan="3"&gt;&lt;a href="selenium-screenshot-1.png"&gt;&lt;img src="selenium-screenshot-1.png" width="800px"&gt;&lt;/a&gt;</msg>
<msg timestamp="20241117 11:55:31.225" level="FAIL">Link with locator 'Login' not found.</msg>
<status status="FAIL" starttime="20241117 11:55:29.559" endtime="20241117 11:55:31.228"/>
</kw>
<kw name="Login Page Should Be Open" library="resource">
<status status="NOT RUN" starttime="20241117 11:55:31.229" endtime="20241117 11:55:31.229"/>
</kw>
<status status="FAIL" starttime="20241117 11:55:29.550" endtime="20241117 11:55:31.229">Link with locator 'Login' not found.</status>
</test>
<test id="s1-s1-t2" name="Click Register Link" line="12">
<kw name="Reset Application And Go To Starting Page" type="SETUP">
<kw name="Reset Application" library="AppLibrary">
<status status="PASS" starttime="20241117 11:55:31.230" endtime="20241117 11:55:31.232"/>
</kw>
<kw name="Go To Starting Page" library="AppLibrary">
<status status="PASS" starttime="20241117 11:55:31.232" endtime="20241117 11:55:31.234"/>
</kw>
<status status="PASS" starttime="20241117 11:55:31.230" endtime="20241117 11:55:31.234"/>
</kw>
<kw name="Click Link" library="SeleniumLibrary">
<arg>Register new user</arg>
<doc>Clicks a link identified by ``locator``.</doc>
<msg timestamp="20241117 11:55:31.235" level="INFO">Clicking link 'Register new user'.</msg>
<msg timestamp="20241117 11:55:32.882" level="INFO" html="true">&lt;/td&gt;&lt;/tr&gt;&lt;tr&gt;&lt;td colspan="3"&gt;&lt;a href="selenium-screenshot-2.png"&gt;&lt;img src="selenium-screenshot-2.png" width="800px"&gt;&lt;/a&gt;</msg>
<msg timestamp="20241117 11:55:32.883" level="FAIL">Link with locator 'Register new user' not found.</msg>
<status status="FAIL" starttime="20241117 11:55:31.234" endtime="20241117 11:55:32.884"/>
</kw>
<kw name="Register Page Should Be Open">
<status status="NOT RUN" starttime="20241117 11:55:32.892" endtime="20241117 11:55:32.892"/>
</kw>
<status status="FAIL" starttime="20241117 11:55:31.230" endtime="20241117 11:55:32.892">Link with locator 'Register new user' not found.</status>
</test>
<kw name="Close Browser" library="SeleniumLibrary" type="TEARDOWN">
<doc>Closes the current browser.</doc>
<status status="PASS" starttime="20241117 11:55:32.893" endtime="20241117 11:55:33.453"/>
</kw>
<status status="FAIL" starttime="20241117 11:55:28.977" endtime="20241117 11:55:33.454"/>
</suite>
<suite id="s1-s2" name="Login" source="/home/jasper/Desktop/Opiskelut/OhTu/ohtu-palautusrepo/viikko3/web-login/src/tests/login.robot">
<kw name="Open And Configure Browser" library="resource" type="SETUP">
<if>
<branch type="IF" condition="$BROWSER == 'chrome'">
<kw name="Evaluate" library="BuiltIn">
<var>${options}</var>
<arg>sys.modules['selenium.webdriver'].ChromeOptions()</arg>
<arg>sys</arg>
<doc>Evaluates the given expression in Python and returns the result.</doc>
<msg timestamp="20241117 11:55:33.472" level="INFO">${options} = &lt;selenium.webdriver.chrome.options.Options object at 0x7119c5c6af20&gt;</msg>
<status status="PASS" starttime="20241117 11:55:33.471" endtime="20241117 11:55:33.472"/>
</kw>
<status status="PASS" starttime="20241117 11:55:33.470" endtime="20241117 11:55:33.473"/>
</branch>
<branch type="ELSE IF" condition="$BROWSER == 'firefox'">
<kw name="Evaluate" library="BuiltIn">
<var>${options}</var>
<arg>sys.modules['selenium.webdriver'].FirefoxOptions()</arg>
<arg>sys</arg>
<doc>Evaluates the given expression in Python and returns the result.</doc>
<status status="NOT RUN" starttime="20241117 11:55:33.473" endtime="20241117 11:55:33.473"/>
</kw>
<status status="NOT RUN" starttime="20241117 11:55:33.473" endtime="20241117 11:55:33.473"/>
</branch>
<status status="PASS" starttime="20241117 11:55:33.470" endtime="20241117 11:55:33.474"/>
</if>
<if>
<branch type="IF" condition="$HEADLESS == 'true'">
<kw name="Set Selenium Speed" library="SeleniumLibrary">
<arg>0</arg>
<doc>Sets the delay that is waited after each Selenium command.</doc>
<status status="NOT RUN" starttime="20241117 11:55:33.475" endtime="20241117 11:55:33.475"/>
</kw>
<kw name="Call Method" library="BuiltIn">
<arg>${options}</arg>
<arg>add_argument</arg>
<arg>--headless</arg>
<doc>Calls the named method of the given object with the provided arguments.</doc>
<status status="NOT RUN" starttime="20241117 11:55:33.475" endtime="20241117 11:55:33.476"/>
</kw>
<status status="NOT RUN" starttime="20241117 11:55:33.474" endtime="20241117 11:55:33.476"/>
</branch>
<branch type="ELSE">
<kw name="Set Selenium Speed" library="SeleniumLibrary">
<arg>${DELAY}</arg>
<doc>Sets the delay that is waited after each Selenium command.</doc>
<status status="PASS" starttime="20241117 11:55:33.476" endtime="20241117 11:55:33.477"/>
</kw>
<status status="PASS" starttime="20241117 11:55:33.476" endtime="20241117 11:55:33.478"/>
</branch>
<status status="PASS" starttime="20241117 11:55:33.474" endtime="20241117 11:55:33.478"/>
</if>
<kw name="Open Browser" library="SeleniumLibrary">
<arg>browser=${BROWSER}</arg>
<arg>options=${options}</arg>
<doc>Opens a new browser instance to the optional ``url``.</doc>
<msg timestamp="20241117 11:55:33.482" level="INFO">Opening browser 'chrome' to base url 'None'.</msg>
<status status="PASS" starttime="20241117 11:55:33.479" endtime="20241117 11:55:33.917"/>
</kw>
<status status="PASS" starttime="20241117 11:55:33.470" endtime="20241117 11:55:33.917"/>
</kw>
<test id="s1-s2-t1" name="Login With Correct Credentials" line="8">
<kw name="Reset Application Create User And Go To Login Page" type="SETUP">
<kw name="Reset Application" library="AppLibrary">
<status status="PASS" starttime="20241117 11:55:33.917" endtime="20241117 11:55:33.920"/>
</kw>
<kw name="Create User" library="AppLibrary">
<arg>kalle</arg>
<arg>kalle123</arg>
<status status="PASS" starttime="20241117 11:55:33.920" endtime="20241117 11:55:33.926"/>
</kw>
<kw name="Go To Login Page" library="resource">
<kw name="Go To" library="SeleniumLibrary">
<arg>${LOGIN_URL}</arg>
<doc>Navigates the current browser window to the provided ``url``.</doc>
<msg timestamp="20241117 11:55:33.927" level="INFO">Opening url 'http://localhost:5001/login'</msg>
<status status="PASS" starttime="20241117 11:55:33.927" endtime="20241117 11:55:34.464"/>
</kw>
<status status="PASS" starttime="20241117 11:55:33.926" endtime="20241117 11:55:34.464"/>
</kw>
<status status="PASS" starttime="20241117 11:55:33.917" endtime="20241117 11:55:34.464"/>
</kw>
<kw name="Set Username">
<arg>kalle</arg>
<kw name="Input Text" library="SeleniumLibrary">
<arg>username</arg>
<arg>${username}</arg>
<doc>Types the given ``text`` into the text field identified by ``locator``.</doc>
<msg timestamp="20241117 11:55:34.469" level="INFO">Typing text 'kalle' into text field 'username'.</msg>
<status status="PASS" starttime="20241117 11:55:34.466" endtime="20241117 11:55:36.171"/>
</kw>
<status status="PASS" starttime="20241117 11:55:34.465" endtime="20241117 11:55:36.171"/>
</kw>
<kw name="Set Password">
<arg>kalle123</arg>
<kw name="Input Password" library="SeleniumLibrary">
<arg>password</arg>
<arg>${password}</arg>
<doc>Types the given password into the text field identified by ``locator``.</doc>
<msg timestamp="20241117 11:55:36.175" level="INFO">Typing password into text field 'password'.</msg>
<msg timestamp="20241117 11:55:37.265" level="INFO">Temporally setting log level to: NONE</msg>
<msg timestamp="20241117 11:55:37.903" level="INFO">Log level changed from NONE to INFO.</msg>
<status status="PASS" starttime="20241117 11:55:36.173" endtime="20241117 11:55:37.903"/>
</kw>
<status status="PASS" starttime="20241117 11:55:36.172" endtime="20241117 11:55:37.903"/>
</kw>
<kw name="Submit Credentials">
<kw name="Click Button" library="SeleniumLibrary">
<arg>Login</arg>
<doc>Clicks the button identified by ``locator``.</doc>
<msg timestamp="20241117 11:55:37.906" level="INFO">Clicking button 'Login'.</msg>
<status status="PASS" starttime="20241117 11:55:37.905" endtime="20241117 11:55:40.028"/>
</kw>
<status status="PASS" starttime="20241117 11:55:37.904" endtime="20241117 11:55:40.028"/>
</kw>
<kw name="Login Should Succeed">
<kw name="Main Page Should Be Open" library="resource">
<kw name="Title Should Be" library="SeleniumLibrary">
<arg>Ohtu Application main page</arg>
<doc>Verifies that the current page title equals ``title``.</doc>
<msg timestamp="20241117 11:55:40.537" level="INFO">Page title is 'Ohtu Application main page'.</msg>
<status status="PASS" starttime="20241117 11:55:40.029" endtime="20241117 11:55:40.537"/>
</kw>
<status status="PASS" starttime="20241117 11:55:40.028" endtime="20241117 11:55:40.537"/>
</kw>
<status status="PASS" starttime="20241117 11:55:40.028" endtime="20241117 11:55:40.537"/>
</kw>
<status status="PASS" starttime="20241117 11:55:33.917" endtime="20241117 11:55:40.537"/>
</test>
<test id="s1-s2-t2" name="Login With Incorrect Password" line="14">
<kw name="Reset Application Create User And Go To Login Page" type="SETUP">
<kw name="Reset Application" library="AppLibrary">
<status status="PASS" starttime="20241117 11:55:40.538" endtime="20241117 11:55:40.540"/>
</kw>
<kw name="Create User" library="AppLibrary">
<arg>kalle</arg>
<arg>kalle123</arg>
<status status="PASS" starttime="20241117 11:55:40.541" endtime="20241117 11:55:40.545"/>
</kw>
<kw name="Go To Login Page" library="resource">
<kw name="Go To" library="SeleniumLibrary">
<arg>${LOGIN_URL}</arg>
<doc>Navigates the current browser window to the provided ``url``.</doc>
<msg timestamp="20241117 11:55:40.545" level="INFO">Opening url 'http://localhost:5001/login'</msg>
<status status="PASS" starttime="20241117 11:55:40.545" endtime="20241117 11:55:41.066"/>
</kw>
<status status="PASS" starttime="20241117 11:55:40.545" endtime="20241117 11:55:41.066"/>
</kw>
<status status="PASS" starttime="20241117 11:55:40.538" endtime="20241117 11:55:41.066"/>
</kw>
<kw name="Set Username">
<arg>kalle</arg>
<kw name="Input Text" library="SeleniumLibrary">
<arg>username</arg>
<arg>${username}</arg>
<doc>Types the given ``text`` into the text field identified by ``locator``.</doc>
<msg timestamp="20241117 11:55:41.070" level="INFO">Typing text 'kalle' into text field 'username'.</msg>
<status status="PASS" starttime="20241117 11:55:41.068" endtime="20241117 11:55:42.801"/>
</kw>
<status status="PASS" starttime="20241117 11:55:41.067" endtime="20241117 11:55:42.802"/>
</kw>
<kw name="Set Password">
<arg>kalle456</arg>
<kw name="Input Password" library="SeleniumLibrary">
<arg>password</arg>
<arg>${password}</arg>
<doc>Types the given password into the text field identified by ``locator``.</doc>
<msg timestamp="20241117 11:55:42.805" level="INFO">Typing password into text field 'password'.</msg>
<msg timestamp="20241117 11:55:43.829" level="INFO">Temporally setting log level to: NONE</msg>
<msg timestamp="20241117 11:55:44.469" level="INFO">Log level changed from NONE to INFO.</msg>
<status status="PASS" starttime="20241117 11:55:42.803" endtime="20241117 11:55:44.469"/>
</kw>
<status status="PASS" starttime="20241117 11:55:42.802" endtime="20241117 11:55:44.470"/>
</kw>
<kw name="Submit Credentials">
<kw name="Click Button" library="SeleniumLibrary">
<arg>Login</arg>
<doc>Clicks the button identified by ``locator``.</doc>
<msg timestamp="20241117 11:55:44.473" level="INFO">Clicking button 'Login'.</msg>
<status status="PASS" starttime="20241117 11:55:44.471" endtime="20241117 11:55:46.709"/>
</kw>
<status status="PASS" starttime="20241117 11:55:44.470" endtime="20241117 11:55:46.709"/>
</kw>
<kw name="Login Should Fail With Message">
<arg>Invalid username or password</arg>
<kw name="Login Page Should Be Open" library="resource">
<kw name="Title Should Be" library="SeleniumLibrary">
<arg>Login</arg>
<doc>Verifies that the current page title equals ``title``.</doc>
<msg timestamp="20241117 11:55:47.227" level="INFO">Page title is 'Login'.</msg>
<status status="PASS" starttime="20241117 11:55:46.712" endtime="20241117 11:55:47.227"/>
</kw>
<status status="PASS" starttime="20241117 11:55:46.711" endtime="20241117 11:55:47.228"/>
</kw>
<kw name="Page Should Contain" library="SeleniumLibrary">
<arg>${message}</arg>
<doc>Verifies that current page contains ``text``.</doc>
<msg timestamp="20241117 11:55:48.255" level="INFO">Current page contains text 'Invalid username or password'.</msg>
<status status="PASS" starttime="20241117 11:55:47.228" endtime="20241117 11:55:48.256"/>
</kw>
<status status="PASS" starttime="20241117 11:55:46.710" endtime="20241117 11:55:48.256"/>
</kw>
<status status="PASS" starttime="20241117 11:55:40.537" endtime="20241117 11:55:48.257"/>
</test>
<kw name="Close Browser" library="SeleniumLibrary" type="TEARDOWN">
<doc>Closes the current browser.</doc>
<status status="PASS" starttime="20241117 11:55:48.259" endtime="20241117 11:55:48.818"/>
</kw>
<status status="PASS" starttime="20241117 11:55:33.457" endtime="20241117 11:55:48.819"/>
</suite>
<status status="FAIL" starttime="20241117 11:55:28.964" endtime="20241117 11:55:48.822"/>
</suite>
<statistics>
<total>
<stat pass="2" fail="2" skip="0">All Tests</stat>
</total>
<tag>
</tag>
<suite>
<stat pass="2" fail="2" skip="0" id="s1" name="Tests">Tests</stat>
<stat pass="0" fail="2" skip="0" id="s1-s1" name="Home">Tests.Home</stat>
<stat pass="2" fail="0" skip="0" id="s1-s2" name="Login">Tests.Login</stat>
</suite>
</statistics>
<errors>
</errors>
</robot>
