<?xml version="1.0" encoding="UTF-8"?>
<robot generator="Robot 6.1.1 (Python 3.10.12 on linux)" generated="20241117 12:32:11.117" rpa="false" schemaversion="4">
<suite id="s1" name="Tests" source="/home/jasper/Desktop/Opiskelut/OhTu/ohtu-palautusrepo/viikko3/web-login/src/tests">
<suite id="s1-s1" name="Home" source="/home/jasper/Desktop/Opiskelut/OhTu/ohtu-palautusrepo/viikko3/web-login/src/tests/home.robot">
<kw name="Open And Configure Browser" library="resource" type="SETUP">
<if>
<branch type="IF" condition="$BROWSER == 'chrome'">
<kw name="Evaluate" library="BuiltIn">
<var>${options}</var>
<arg>sys.modules['selenium.webdriver'].ChromeOptions()</arg>
<arg>sys</arg>
<doc>Evaluates the given expression in Python and returns the result.</doc>
<msg timestamp="20241117 12:32:11.289" level="INFO">${options} = &lt;selenium.webdriver.chrome.options.Options object at 0x7a6dca8cb700&gt;</msg>
<status status="PASS" starttime="20241117 12:32:11.289" endtime="20241117 12:32:11.289"/>
</kw>
<status status="PASS" starttime="20241117 12:32:11.280" endtime="20241117 12:32:11.289"/>
</branch>
<branch type="ELSE IF" condition="$BROWSER == 'firefox'">
<kw name="Evaluate" library="BuiltIn">
<var>${options}</var>
<arg>sys.modules['selenium.webdriver'].FirefoxOptions()</arg>
<arg>sys</arg>
<doc>Evaluates the given expression in Python and returns the result.</doc>
<status status="NOT RUN" starttime="20241117 12:32:11.289" endtime="20241117 12:32:11.289"/>
</kw>
<status status="NOT RUN" starttime="20241117 12:32:11.289" endtime="20241117 12:32:11.289"/>
</branch>
<status status="PASS" starttime="20241117 12:32:11.280" endtime="20241117 12:32:11.289"/>
</if>
<if>
<branch type="IF" condition="$HEADLESS == 'true'">
<kw name="Set Selenium Speed" library="SeleniumLibrary">
<arg>0</arg>
<doc>Sets the delay that is waited after each Selenium command.</doc>
<status status="NOT RUN" starttime="20241117 12:32:11.290" endtime="20241117 12:32:11.290"/>
</kw>
<kw name="Call Method" library="BuiltIn">
<arg>${options}</arg>
<arg>add_argument</arg>
<arg>--headless</arg>
<doc>Calls the named method of the given object with the provided arguments.</doc>
<status status="NOT RUN" starttime="20241117 12:32:11.290" endtime="20241117 12:32:11.290"/>
</kw>
<status status="NOT RUN" starttime="20241117 12:32:11.289" endtime="20241117 12:32:11.290"/>
</branch>
<branch type="ELSE">
<kw name="Set Selenium Speed" library="SeleniumLibrary">
<arg>${DELAY}</arg>
<doc>Sets the delay that is waited after each Selenium command.</doc>
<status status="PASS" starttime="20241117 12:32:11.290" endtime="20241117 12:32:11.290"/>
</kw>
<status status="PASS" starttime="20241117 12:32:11.290" endtime="20241117 12:32:11.290"/>
</branch>
<status status="PASS" starttime="20241117 12:32:11.289" endtime="20241117 12:32:11.290"/>
</if>
<kw name="Open Browser" library="SeleniumLibrary">
<arg>browser=${BROWSER}</arg>
<arg>options=${options}</arg>
<doc>Opens a new browser instance to the optional ``url``.</doc>
<msg timestamp="20241117 12:32:11.291" level="INFO">Opening browser 'chrome' to base url 'None'.</msg>
<status status="PASS" starttime="20241117 12:32:11.290" endtime="20241117 12:32:11.741"/>
</kw>
<status status="PASS" starttime="20241117 12:32:11.279" endtime="20241117 12:32:11.741"/>
</kw>
<test id="s1-s1-t1" name="Click Login Link" line="8">
<kw name="Reset Application And Go To Starting Page" type="SETUP">
<kw name="Reset Application" library="AppLibrary">
<status status="PASS" starttime="20241117 12:32:11.742" endtime="20241117 12:32:11.745"/>
</kw>
<kw name="Go To Starting Page" library="AppLibrary">
<status status="PASS" starttime="20241117 12:32:11.745" endtime="20241117 12:32:11.748"/>
</kw>
<status status="PASS" starttime="20241117 12:32:11.742" endtime="20241117 12:32:11.748"/>
</kw>
<kw name="Click Link" library="SeleniumLibrary">
<arg>Login</arg>
<doc>Clicks a link identified by ``locator``.</doc>
<msg timestamp="20241117 12:32:11.749" level="INFO">Clicking link 'Login'.</msg>
<msg timestamp="20241117 12:32:13.373" level="INFO" html="true">&lt;/td&gt;&lt;/tr&gt;&lt;tr&gt;&lt;td colspan="3"&gt;&lt;a href="selenium-screenshot-3.png"&gt;&lt;img src="selenium-screenshot-3.png" width="800px"&gt;&lt;/a&gt;</msg>
<msg timestamp="20241117 12:32:13.373" level="FAIL">Link with locator 'Login' not found.</msg>
<status status="FAIL" starttime="20241117 12:32:11.748" endtime="20241117 12:32:13.376"/>
</kw>
<kw name="Login Page Should Be Open" library="resource">
<status status="NOT RUN" starttime="20241117 12:32:13.377" endtime="20241117 12:32:13.377"/>
</kw>
<status status="FAIL" starttime="20241117 12:32:11.741" endtime="20241117 12:32:13.377">Link with locator 'Login' not found.</status>
</test>
<test id="s1-s1-t2" name="Click Register Link" line="12">
<kw name="Reset Application And Go To Starting Page" type="SETUP">
<kw name="Reset Application" library="AppLibrary">
<status status="PASS" starttime="20241117 12:32:13.378" endtime="20241117 12:32:13.380"/>
</kw>
<kw name="Go To Starting Page" library="AppLibrary">
<status status="PASS" starttime="20241117 12:32:13.380" endtime="20241117 12:32:13.382"/>
</kw>
<status status="PASS" starttime="20241117 12:32:13.378" endtime="20241117 12:32:13.382"/>
</kw>
<kw name="Click Link" library="SeleniumLibrary">
<arg>Register new user</arg>
<doc>Clicks a link identified by ``locator``.</doc>
<msg timestamp="20241117 12:32:13.382" level="INFO">Clicking link 'Register new user'.</msg>
<msg timestamp="20241117 12:32:15.034" level="INFO" html="true">&lt;/td&gt;&lt;/tr&gt;&lt;tr&gt;&lt;td colspan="3"&gt;&lt;a href="selenium-screenshot-4.png"&gt;&lt;img src="selenium-screenshot-4.png" width="800px"&gt;&lt;/a&gt;</msg>
<msg timestamp="20241117 12:32:15.034" level="FAIL">Link with locator 'Register new user' not found.</msg>
<status status="FAIL" starttime="20241117 12:32:13.382" endtime="20241117 12:32:15.035"/>
</kw>
<kw name="Register Page Should Be Open">
<status status="NOT RUN" starttime="20241117 12:32:15.050" endtime="20241117 12:32:15.050"/>
</kw>
<status status="FAIL" starttime="20241117 12:32:13.378" endtime="20241117 12:32:15.051">Link with locator 'Register new user' not found.</status>
</test>
<kw name="Close Browser" library="SeleniumLibrary" type="TEARDOWN">
<doc>Closes the current browser.</doc>
<status status="PASS" starttime="20241117 12:32:15.054" endtime="20241117 12:32:15.616"/>
</kw>
<status status="FAIL" starttime="20241117 12:32:11.131" endtime="20241117 12:32:15.617"/>
</suite>
<suite id="s1-s2" name="Login" source="/home/jasper/Desktop/Opiskelut/OhTu/ohtu-palautusrepo/viikko3/web-login/src/tests/login.robot">
<kw name="Open And Configure Browser" library="resource" type="SETUP">
<if>
<branch type="IF" condition="$BROWSER == 'chrome'">
<kw name="Evaluate" library="BuiltIn">
<var>${options}</var>
<arg>sys.modules['selenium.webdriver'].ChromeOptions()</arg>
<arg>sys</arg>
<doc>Evaluates the given expression in Python and returns the result.</doc>
<msg timestamp="20241117 12:32:15.626" level="INFO">${options} = &lt;selenium.webdriver.chrome.options.Options object at 0x7a6dca7770a0&gt;</msg>
<status status="PASS" starttime="20241117 12:32:15.626" endtime="20241117 12:32:15.626"/>
</kw>
<status status="PASS" starttime="20241117 12:32:15.625" endtime="20241117 12:32:15.626"/>
</branch>
<branch type="ELSE IF" condition="$BROWSER == 'firefox'">
<kw name="Evaluate" library="BuiltIn">
<var>${options}</var>
<arg>sys.modules['selenium.webdriver'].FirefoxOptions()</arg>
<arg>sys</arg>
<doc>Evaluates the given expression in Python and returns the result.</doc>
<status status="NOT RUN" starttime="20241117 12:32:15.626" endtime="20241117 12:32:15.626"/>
</kw>
<status status="NOT RUN" starttime="20241117 12:32:15.626" endtime="20241117 12:32:15.626"/>
</branch>
<status status="PASS" starttime="20241117 12:32:15.625" endtime="20241117 12:32:15.627"/>
</if>
<if>
<branch type="IF" condition="$HEADLESS == 'true'">
<kw name="Set Selenium Speed" library="SeleniumLibrary">
<arg>0</arg>
<doc>Sets the delay that is waited after each Selenium command.</doc>
<status status="NOT RUN" starttime="20241117 12:32:15.627" endtime="20241117 12:32:15.627"/>
</kw>
<kw name="Call Method" library="BuiltIn">
<arg>${options}</arg>
<arg>add_argument</arg>
<arg>--headless</arg>
<doc>Calls the named method of the given object with the provided arguments.</doc>
<status status="NOT RUN" starttime="20241117 12:32:15.627" endtime="20241117 12:32:15.627"/>
</kw>
<status status="NOT RUN" starttime="20241117 12:32:15.627" endtime="20241117 12:32:15.627"/>
</branch>
<branch type="ELSE">
<kw name="Set Selenium Speed" library="SeleniumLibrary">
<arg>${DELAY}</arg>
<doc>Sets the delay that is waited after each Selenium command.</doc>
<status status="PASS" starttime="20241117 12:32:15.627" endtime="20241117 12:32:15.628"/>
</kw>
<status status="PASS" starttime="20241117 12:32:15.627" endtime="20241117 12:32:15.628"/>
</branch>
<status status="PASS" starttime="20241117 12:32:15.627" endtime="20241117 12:32:15.628"/>
</if>
<kw name="Open Browser" library="SeleniumLibrary">
<arg>browser=${BROWSER}</arg>
<arg>options=${options}</arg>
<doc>Opens a new browser instance to the optional ``url``.</doc>
<msg timestamp="20241117 12:32:15.629" level="INFO">Opening browser 'chrome' to base url 'None'.</msg>
<status status="PASS" starttime="20241117 12:32:15.628" endtime="20241117 12:32:16.092"/>
</kw>
<status status="PASS" starttime="20241117 12:32:15.625" endtime="20241117 12:32:16.092"/>
</kw>
<test id="s1-s2-t1" name="Login With Correct Credentials" line="8">
<kw name="Reset Application Create User And Go To Login Page" type="SETUP">
<kw name="Reset Application" library="AppLibrary">
<status status="PASS" starttime="20241117 12:32:16.093" endtime="20241117 12:32:16.095"/>
</kw>
<kw name="Create User" library="AppLibrary">
<arg>kalle</arg>
<arg>kalle123</arg>
<status status="PASS" starttime="20241117 12:32:16.095" endtime="20241117 12:32:16.099"/>
</kw>
<kw name="Go To Login Page" library="resource">
<kw name="Go To" library="SeleniumLibrary">
<arg>${LOGIN_URL}</arg>
<doc>Navigates the current browser window to the provided ``url``.</doc>
<msg timestamp="20241117 12:32:16.099" level="INFO">Opening url 'http://localhost:5001/login'</msg>
<status status="PASS" starttime="20241117 12:32:16.099" endtime="20241117 12:32:16.699"/>
</kw>
<status status="PASS" starttime="20241117 12:32:16.099" endtime="20241117 12:32:16.699"/>
</kw>
<status status="PASS" starttime="20241117 12:32:16.092" endtime="20241117 12:32:16.699"/>
</kw>
<kw name="Set Username">
<arg>kalle</arg>
<kw name="Input Text" library="SeleniumLibrary">
<arg>username</arg>
<arg>${username}</arg>
<doc>Types the given ``text`` into the text field identified by ``locator``.</doc>
<msg timestamp="20241117 12:32:16.703" level="INFO">Typing text 'kalle' into text field 'username'.</msg>
<status status="PASS" starttime="20241117 12:32:16.701" endtime="20241117 12:32:18.388"/>
</kw>
<status status="PASS" starttime="20241117 12:32:16.700" endtime="20241117 12:32:18.388"/>
</kw>
<kw name="Set Password">
<arg>kalle123</arg>
<kw name="Input Password" library="SeleniumLibrary">
<arg>password</arg>
<arg>${password}</arg>
<doc>Types the given password into the text field identified by ``locator``.</doc>
<msg timestamp="20241117 12:32:18.391" level="INFO">Typing password into text field 'password'.</msg>
<msg timestamp="20241117 12:32:19.421" level="INFO">Temporally setting log level to: NONE</msg>
<msg timestamp="20241117 12:32:20.059" level="INFO">Log level changed from NONE to INFO.</msg>
<status status="PASS" starttime="20241117 12:32:18.390" endtime="20241117 12:32:20.059"/>
</kw>
<status status="PASS" starttime="20241117 12:32:18.389" endtime="20241117 12:32:20.059"/>
</kw>
<kw name="Submit Credentials">
<kw name="Click Button" library="SeleniumLibrary">
<arg>Login</arg>
<doc>Clicks the button identified by ``locator``.</doc>
<msg timestamp="20241117 12:32:20.062" level="INFO">Clicking button 'Login'.</msg>
<status status="PASS" starttime="20241117 12:32:20.061" endtime="20241117 12:32:22.224"/>
</kw>
<status status="PASS" starttime="20241117 12:32:20.060" endtime="20241117 12:32:22.225"/>
</kw>
<kw name="Login Should Succeed">
<kw name="Main Page Should Be Open" library="resource">
<kw name="Title Should Be" library="SeleniumLibrary">
<arg>Ohtu Application main page</arg>
<doc>Verifies that the current page title equals ``title``.</doc>
<msg timestamp="20241117 12:32:22.734" level="INFO">Page title is 'Ohtu Application main page'.</msg>
<status status="PASS" starttime="20241117 12:32:22.227" endtime="20241117 12:32:22.734"/>
</kw>
<status status="PASS" starttime="20241117 12:32:22.226" endtime="20241117 12:32:22.734"/>
</kw>
<status status="PASS" starttime="20241117 12:32:22.225" endtime="20241117 12:32:22.734"/>
</kw>
<status status="PASS" starttime="20241117 12:32:16.092" endtime="20241117 12:32:22.735"/>
</test>
<test id="s1-s2-t2" name="Login With Incorrect Password" line="14">
<kw name="Reset Application Create User And Go To Login Page" type="SETUP">
<kw name="Reset Application" library="AppLibrary">
<status status="PASS" starttime="20241117 12:32:22.739" endtime="20241117 12:32:22.741"/>
</kw>
<kw name="Create User" library="AppLibrary">
<arg>kalle</arg>
<arg>kalle123</arg>
<status status="PASS" starttime="20241117 12:32:22.741" endtime="20241117 12:32:22.744"/>
</kw>
<kw name="Go To Login Page" library="resource">
<kw name="Go To" library="SeleniumLibrary">
<arg>${LOGIN_URL}</arg>
<doc>Navigates the current browser window to the provided ``url``.</doc>
<msg timestamp="20241117 12:32:22.744" level="INFO">Opening url 'http://localhost:5001/login'</msg>
<status status="PASS" starttime="20241117 12:32:22.744" endtime="20241117 12:32:23.264"/>
</kw>
<status status="PASS" starttime="20241117 12:32:22.744" endtime="20241117 12:32:23.264"/>
</kw>
<status status="PASS" starttime="20241117 12:32:22.738" endtime="20241117 12:32:23.264"/>
</kw>
<kw name="Set Username">
<arg>kalle</arg>
<kw name="Input Text" library="SeleniumLibrary">
<arg>username</arg>
<arg>${username}</arg>
<doc>Types the given ``text`` into the text field identified by ``locator``.</doc>
<msg timestamp="20241117 12:32:23.268" level="INFO">Typing text 'kalle' into text field 'username'.</msg>
<status status="PASS" starttime="20241117 12:32:23.266" endtime="20241117 12:32:24.933"/>
</kw>
<status status="PASS" starttime="20241117 12:32:23.265" endtime="20241117 12:32:24.933"/>
</kw>
<kw name="Set Password">
<arg>kalle456</arg>
<kw name="Input Password" library="SeleniumLibrary">
<arg>password</arg>
<arg>${password}</arg>
<doc>Types the given password into the text field identified by ``locator``.</doc>
<msg timestamp="20241117 12:32:24.936" level="INFO">Typing password into text field 'password'.</msg>
<msg timestamp="20241117 12:32:26.013" level="INFO">Temporally setting log level to: NONE</msg>
<msg timestamp="20241117 12:32:26.575" level="INFO">Log level changed from NONE to INFO.</msg>
<status status="PASS" starttime="20241117 12:32:24.935" endtime="20241117 12:32:26.575"/>
</kw>
<status status="PASS" starttime="20241117 12:32:24.934" endtime="20241117 12:32:26.576"/>
</kw>
<kw name="Submit Credentials">
<kw name="Click Button" library="SeleniumLibrary">
<arg>Login</arg>
<doc>Clicks the button identified by ``locator``.</doc>
<msg timestamp="20241117 12:32:26.579" level="INFO">Clicking button 'Login'.</msg>
<status status="PASS" starttime="20241117 12:32:26.577" endtime="20241117 12:32:28.713"/>
</kw>
<status status="PASS" starttime="20241117 12:32:26.576" endtime="20241117 12:32:28.713"/>
</kw>
<kw name="Login Should Fail With Message">
<arg>Invalid username or password</arg>
<kw name="Login Page Should Be Open" library="resource">
<kw name="Title Should Be" library="SeleniumLibrary">
<arg>Login</arg>
<doc>Verifies that the current page title equals ``title``.</doc>
<msg timestamp="20241117 12:32:29.231" level="INFO">Page title is 'Login'.</msg>
<status status="PASS" starttime="20241117 12:32:28.716" endtime="20241117 12:32:29.231"/>
</kw>
<status status="PASS" starttime="20241117 12:32:28.715" endtime="20241117 12:32:29.231"/>
</kw>
<kw name="Page Should Contain" library="SeleniumLibrary">
<arg>${message}</arg>
<doc>Verifies that current page contains ``text``.</doc>
<msg timestamp="20241117 12:32:30.271" level="INFO">Current page contains text 'Invalid username or password'.</msg>
<status status="PASS" starttime="20241117 12:32:29.232" endtime="20241117 12:32:30.272"/>
</kw>
<status status="PASS" starttime="20241117 12:32:28.714" endtime="20241117 12:32:30.273"/>
</kw>
<status status="PASS" starttime="20241117 12:32:22.736" endtime="20241117 12:32:30.273"/>
</test>
<test id="s1-s2-t3" name="Login With Nonexistent Username" line="20">
<kw name="Reset Application Create User And Go To Login Page" type="SETUP">
<kw name="Reset Application" library="AppLibrary">
<status status="PASS" starttime="20241117 12:32:30.277" endtime="20241117 12:32:30.279"/>
</kw>
<kw name="Create User" library="AppLibrary">
<arg>kalle</arg>
<arg>kalle123</arg>
<status status="PASS" starttime="20241117 12:32:30.279" endtime="20241117 12:32:30.282"/>
</kw>
<kw name="Go To Login Page" library="resource">
<kw name="Go To" library="SeleniumLibrary">
<arg>${LOGIN_URL}</arg>
<doc>Navigates the current browser window to the provided ``url``.</doc>
<msg timestamp="20241117 12:32:30.282" level="INFO">Opening url 'http://localhost:5001/login'</msg>
<status status="PASS" starttime="20241117 12:32:30.282" endtime="20241117 12:32:30.794"/>
</kw>
<status status="PASS" starttime="20241117 12:32:30.282" endtime="20241117 12:32:30.794"/>
</kw>
<status status="PASS" starttime="20241117 12:32:30.276" endtime="20241117 12:32:30.794"/>
</kw>
<kw name="Set Username">
<arg>asdf</arg>
<kw name="Input Text" library="SeleniumLibrary">
<arg>username</arg>
<arg>${username}</arg>
<doc>Types the given ``text`` into the text field identified by ``locator``.</doc>
<msg timestamp="20241117 12:32:30.798" level="INFO">Typing text 'asdf' into text field 'username'.</msg>
<status status="PASS" starttime="20241117 12:32:30.796" endtime="20241117 12:32:32.464"/>
</kw>
<status status="PASS" starttime="20241117 12:32:30.795" endtime="20241117 12:32:32.464"/>
</kw>
<kw name="Set Password">
<arg>kalle456</arg>
<kw name="Input Password" library="SeleniumLibrary">
<arg>password</arg>
<arg>${password}</arg>
<doc>Types the given password into the text field identified by ``locator``.</doc>
<msg timestamp="20241117 12:32:32.464" level="INFO">Typing password into text field 'password'.</msg>
<msg timestamp="20241117 12:32:33.549" level="INFO">Temporally setting log level to: NONE</msg>
<msg timestamp="20241117 12:32:34.185" level="INFO">Log level changed from NONE to INFO.</msg>
<status status="PASS" starttime="20241117 12:32:32.464" endtime="20241117 12:32:34.185"/>
</kw>
<status status="PASS" starttime="20241117 12:32:32.464" endtime="20241117 12:32:34.185"/>
</kw>
<kw name="Submit Credentials">
<kw name="Click Button" library="SeleniumLibrary">
<arg>Login</arg>
<doc>Clicks the button identified by ``locator``.</doc>
<msg timestamp="20241117 12:32:34.186" level="INFO">Clicking button 'Login'.</msg>
<status status="PASS" starttime="20241117 12:32:34.186" endtime="20241117 12:32:36.373"/>
</kw>
<status status="PASS" starttime="20241117 12:32:34.185" endtime="20241117 12:32:36.373"/>
</kw>
<kw name="Login Should Fail With Message">
<arg>Invalid username or password</arg>
<kw name="Login Page Should Be Open" library="resource">
<kw name="Title Should Be" library="SeleniumLibrary">
<arg>Login</arg>
<doc>Verifies that the current page title equals ``title``.</doc>
<msg timestamp="20241117 12:32:36.881" level="INFO">Page title is 'Login'.</msg>
<status status="PASS" starttime="20241117 12:32:36.374" endtime="20241117 12:32:36.881"/>
</kw>
<status status="PASS" starttime="20241117 12:32:36.373" endtime="20241117 12:32:36.881"/>
</kw>
<kw name="Page Should Contain" library="SeleniumLibrary">
<arg>${message}</arg>
<doc>Verifies that current page contains ``text``.</doc>
<msg timestamp="20241117 12:32:37.909" level="INFO">Current page contains text 'Invalid username or password'.</msg>
<status status="PASS" starttime="20241117 12:32:36.882" endtime="20241117 12:32:37.909"/>
</kw>
<status status="PASS" starttime="20241117 12:32:36.373" endtime="20241117 12:32:37.909"/>
</kw>
<status status="PASS" starttime="20241117 12:32:30.274" endtime="20241117 12:32:37.910"/>
</test>
<kw name="Close Browser" library="SeleniumLibrary" type="TEARDOWN">
<doc>Closes the current browser.</doc>
<status status="PASS" starttime="20241117 12:32:37.913" endtime="20241117 12:32:38.474"/>
</kw>
<status status="PASS" starttime="20241117 12:32:15.622" endtime="20241117 12:32:38.475"/>
</suite>
<status status="FAIL" starttime="20241117 12:32:11.118" endtime="20241117 12:32:38.480"/>
</suite>
<statistics>
<total>
<stat pass="3" fail="2" skip="0">All Tests</stat>
</total>
<tag>
</tag>
<suite>
<stat pass="3" fail="2" skip="0" id="s1" name="Tests">Tests</stat>
<stat pass="0" fail="2" skip="0" id="s1-s1" name="Home">Tests.Home</stat>
<stat pass="3" fail="0" skip="0" id="s1-s2" name="Login">Tests.Login</stat>
</suite>
</statistics>
<errors>
</errors>
</robot>
