<?xml version="1.0" encoding="UTF-8"?>
<robot generator="Robot 6.1.1 (Python 3.10.12 on linux)" generated="20241118 14:24:07.442" rpa="false" schemaversion="4">
<suite id="s1" name="Register" source="/home/jasper/Desktop/Opiskelut/OhTu/ohtu-palautusrepo/viikko3/web-login/src/tests/register.robot">
<kw name="Open And Configure Browser" library="resource" type="SETUP">
<if>
<branch type="IF" condition="$BROWSER == 'chrome'">
<kw name="Evaluate" library="BuiltIn">
<var>${options}</var>
<arg>sys.modules['selenium.webdriver'].ChromeOptions()</arg>
<arg>sys</arg>
<doc>Evaluates the given expression in Python and returns the result.</doc>
<msg timestamp="20241118 14:24:07.616" level="INFO">${options} = &lt;selenium.webdriver.chrome.options.Options object at 0x7d4ecceaea70&gt;</msg>
<status status="PASS" starttime="20241118 14:24:07.616" endtime="20241118 14:24:07.616"/>
</kw>
<status status="PASS" starttime="20241118 14:24:07.608" endtime="20241118 14:24:07.616"/>
</branch>
<branch type="ELSE IF" condition="$BROWSER == 'firefox'">
<kw name="Evaluate" library="BuiltIn">
<var>${options}</var>
<arg>sys.modules['selenium.webdriver'].FirefoxOptions()</arg>
<arg>sys</arg>
<doc>Evaluates the given expression in Python and returns the result.</doc>
<status status="NOT RUN" starttime="20241118 14:24:07.616" endtime="20241118 14:24:07.616"/>
</kw>
<status status="NOT RUN" starttime="20241118 14:24:07.616" endtime="20241118 14:24:07.616"/>
</branch>
<status status="PASS" starttime="20241118 14:24:07.608" endtime="20241118 14:24:07.617"/>
</if>
<if>
<branch type="IF" condition="$HEADLESS == 'true'">
<kw name="Set Selenium Speed" library="SeleniumLibrary">
<arg>0</arg>
<doc>Sets the delay that is waited after each Selenium command.</doc>
<status status="NOT RUN" starttime="20241118 14:24:07.617" endtime="20241118 14:24:07.617"/>
</kw>
<kw name="Call Method" library="BuiltIn">
<arg>${options}</arg>
<arg>add_argument</arg>
<arg>--headless</arg>
<doc>Calls the named method of the given object with the provided arguments.</doc>
<status status="NOT RUN" starttime="20241118 14:24:07.617" endtime="20241118 14:24:07.617"/>
</kw>
<status status="NOT RUN" starttime="20241118 14:24:07.617" endtime="20241118 14:24:07.617"/>
</branch>
<branch type="ELSE">
<kw name="Set Selenium Speed" library="SeleniumLibrary">
<arg>${DELAY}</arg>
<doc>Sets the delay that is waited after each Selenium command.</doc>
<status status="PASS" starttime="20241118 14:24:07.617" endtime="20241118 14:24:07.617"/>
</kw>
<status status="PASS" starttime="20241118 14:24:07.617" endtime="20241118 14:24:07.617"/>
</branch>
<status status="PASS" starttime="20241118 14:24:07.617" endtime="20241118 14:24:07.617"/>
</if>
<kw name="Open Browser" library="SeleniumLibrary">
<arg>browser=${BROWSER}</arg>
<arg>options=${options}</arg>
<doc>Opens a new browser instance to the optional ``url``.</doc>
<msg timestamp="20241118 14:24:07.618" level="INFO">Opening browser 'chrome' to base url 'None'.</msg>
<status status="PASS" starttime="20241118 14:24:07.617" endtime="20241118 14:24:08.044"/>
</kw>
<status status="PASS" starttime="20241118 14:24:07.607" endtime="20241118 14:24:08.044"/>
</kw>
<test id="s1-t1" name="Login After Failed Registration" line="68">
<kw name="Reset Application And Go To Register Page" type="SETUP">
<kw name="Reset Application" library="AppLibrary">
<status status="PASS" starttime="20241118 14:24:08.046" endtime="20241118 14:24:08.049"/>
</kw>
<kw name="Go To Register Page" library="resource">
<kw name="Go To" library="SeleniumLibrary">
<arg>${REGISTER_URL}</arg>
<doc>Navigates the current browser window to the provided ``url``.</doc>
<msg timestamp="20241118 14:24:08.050" level="INFO">Opening url 'http://localhost:5001/register'</msg>
<status status="PASS" starttime="20241118 14:24:08.049" endtime="20241118 14:24:08.585"/>
</kw>
<status status="PASS" starttime="20241118 14:24:08.049" endtime="20241118 14:24:08.585"/>
</kw>
<status status="PASS" starttime="20241118 14:24:08.045" endtime="20241118 14:24:08.585"/>
</kw>
<kw name="Set Username">
<arg>test</arg>
<kw name="Input Text" library="SeleniumLibrary">
<arg>username</arg>
<arg>${username}</arg>
<doc>Types the given ``text`` into the text field identified by ``locator``.</doc>
<msg timestamp="20241118 14:24:08.586" level="INFO">Typing text 'test' into text field 'username'.</msg>
<status status="PASS" starttime="20241118 14:24:08.585" endtime="20241118 14:24:10.266"/>
</kw>
<status status="PASS" starttime="20241118 14:24:08.585" endtime="20241118 14:24:10.266"/>
</kw>
<kw name="Set Password">
<arg>asdf</arg>
<kw name="Input Password" library="SeleniumLibrary">
<arg>password</arg>
<arg>${password}</arg>
<doc>Types the given password into the text field identified by ``locator``.</doc>
<msg timestamp="20241118 14:24:10.269" level="INFO">Typing password into text field 'password'.</msg>
<msg timestamp="20241118 14:24:11.353" level="INFO">Temporally setting log level to: NONE</msg>
<msg timestamp="20241118 14:24:11.995" level="INFO">Log level changed from NONE to INFO.</msg>
<status status="PASS" starttime="20241118 14:24:10.268" endtime="20241118 14:24:11.995"/>
</kw>
<status status="PASS" starttime="20241118 14:24:10.267" endtime="20241118 14:24:11.995"/>
</kw>
<kw name="Set Password Confirmation">
<arg>asdf</arg>
<kw name="Input Password" library="SeleniumLibrary">
<arg>password_confirmation</arg>
<arg>${password}</arg>
<doc>Types the given password into the text field identified by ``locator``.</doc>
<msg timestamp="20241118 14:24:11.998" level="INFO">Typing password into text field 'password_confirmation'.</msg>
<msg timestamp="20241118 14:24:13.100" level="INFO">Temporally setting log level to: NONE</msg>
<msg timestamp="20241118 14:24:13.737" level="INFO">Log level changed from NONE to INFO.</msg>
<status status="PASS" starttime="20241118 14:24:11.997" endtime="20241118 14:24:13.737"/>
</kw>
<status status="PASS" starttime="20241118 14:24:11.996" endtime="20241118 14:24:13.738"/>
</kw>
<kw name="Submit Credentials">
<kw name="Click Button" library="SeleniumLibrary">
<arg>Register</arg>
<doc>Clicks the button identified by ``locator``.</doc>
<msg timestamp="20241118 14:24:13.741" level="INFO">Clicking button 'Register'.</msg>
<status status="PASS" starttime="20241118 14:24:13.739" endtime="20241118 14:24:15.946"/>
</kw>
<status status="PASS" starttime="20241118 14:24:13.738" endtime="20241118 14:24:15.947"/>
</kw>
<kw name="Click Link" library="SeleniumLibrary">
<arg>Login</arg>
<doc>Clicks a link identified by ``locator``.</doc>
<msg timestamp="20241118 14:24:15.949" level="INFO">Clicking link 'Login'.</msg>
<status status="PASS" starttime="20241118 14:24:15.947" endtime="20241118 14:24:17.606"/>
</kw>
<kw name="Set Username">
<arg>test</arg>
<kw name="Input Text" library="SeleniumLibrary">
<arg>username</arg>
<arg>${username}</arg>
<doc>Types the given ``text`` into the text field identified by ``locator``.</doc>
<msg timestamp="20241118 14:24:17.609" level="INFO">Typing text 'test' into text field 'username'.</msg>
<status status="PASS" starttime="20241118 14:24:17.607" endtime="20241118 14:24:19.350"/>
</kw>
<status status="PASS" starttime="20241118 14:24:17.606" endtime="20241118 14:24:19.350"/>
</kw>
<kw name="Set Password">
<arg>asdfasdf1</arg>
<kw name="Input Password" library="SeleniumLibrary">
<arg>password</arg>
<arg>${password}</arg>
<doc>Types the given password into the text field identified by ``locator``.</doc>
<msg timestamp="20241118 14:24:19.353" level="INFO">Typing password into text field 'password'.</msg>
<msg timestamp="20241118 14:24:20.410" level="INFO">Temporally setting log level to: NONE</msg>
<msg timestamp="20241118 14:24:21.052" level="INFO">Log level changed from NONE to INFO.</msg>
<status status="PASS" starttime="20241118 14:24:19.352" endtime="20241118 14:24:21.052"/>
</kw>
<status status="PASS" starttime="20241118 14:24:19.350" endtime="20241118 14:24:21.052"/>
</kw>
<kw name="Click Button" library="SeleniumLibrary">
<arg>Login</arg>
<doc>Clicks the button identified by ``locator``.</doc>
<msg timestamp="20241118 14:24:21.054" level="INFO">Clicking button 'Login'.</msg>
<status status="PASS" starttime="20241118 14:24:21.053" endtime="20241118 14:24:23.329"/>
</kw>
<kw name="Page Should Contain" library="SeleniumLibrary">
<arg>Invalid username or password</arg>
<doc>Verifies that current page contains ``text``.</doc>
<msg timestamp="20241118 14:24:24.383" level="INFO">Current page contains text 'Invalid username or password'.</msg>
<status status="PASS" starttime="20241118 14:24:23.330" endtime="20241118 14:24:24.384"/>
</kw>
<status status="PASS" starttime="20241118 14:24:08.045" endtime="20241118 14:24:24.384"/>
</test>
<kw name="Close Browser" library="SeleniumLibrary" type="TEARDOWN">
<doc>Closes the current browser.</doc>
<status status="PASS" starttime="20241118 14:24:24.387" endtime="20241118 14:24:24.954"/>
</kw>
<status status="PASS" starttime="20241118 14:24:07.443" endtime="20241118 14:24:24.954"/>
</suite>
<statistics>
<total>
<stat pass="1" fail="0" skip="0">All Tests</stat>
</total>
<tag>
</tag>
<suite>
<stat pass="1" fail="0" skip="0" id="s1" name="Register">Register</stat>
</suite>
</statistics>
<errors>
</errors>
</robot>
